<?xml version="1.0" encoding="UTF-8"?>
<!-- Generated by org.testng.reporters.JUnitReportReporter -->
<testsuite name="mySeleniumPackage.OpenFacebook" tests="1" time="18.219" ignored="0" failures="0" timestamp="17 May 2020 17:39:29 GMT" skipped="0" hostname="CDC2-L-FBGKPN2" errors="0">
  <testcase name="testcase" time="18.219" classname="mySeleniumPackage.OpenFacebook"/>
</testsuite> <!-- mySeleniumPackage.OpenFacebook -->
